-------------------------------------------------------------------------------
Test set: TestSuite
-------------------------------------------------------------------------------
Tests run: 1, Failures: 1, Errors: 0, Skipped: 0, Time elapsed: 97.051 sec <<< FAILURE! - in TestSuite
TC_DB_01(com.automation.index.PackageIndex)  Time elapsed: 71.532 sec  <<< FAILURE!
org.openqa.selenium.NoSuchElementException: Cannot locate element with text: IBM Digital Contracts Demo v. 1
For documentation on this error, please visit: http://seleniumhq.org/exceptions/no_such_element.html
Build info: version: '3.13.0', revision: '2f0d292', time: '2018-06-25T15:24:21.231Z'
System info: host: 'DESKTOP-F17C8H7', ip: '192.168.1.165', os.name: 'Windows 8.1', os.arch: 'amd64', os.version: '6.3', java.version: '1.8.0-ea'
Driver info: driver.version: unknown
	at org.openqa.selenium.support.ui.Select.selectByVisibleText(Select.java:151)
	at com.automation.indexpage.PackageIndexpage.selectWorkflow(PackageIndexpage.java:66)
	at com.automation.index.PackageIndex.TC_DB_01(PackageIndex.java:125)

