<html>
<head>
<title>TestNG:  TC_DB_34: Verify Trash Functionality for DRAFT Icon.</title>
<link href="../testng.css" rel="stylesheet" type="text/css" />
<link href="../my-testng.css" rel="stylesheet" type="text/css" />

<style type="text/css">
.log { display: none;} 
.stack-trace { display: none;} 
</style>
<script type="text/javascript">
<!--
function flip(e) {
  current = e.style.display;
  if (current == 'block') {
    e.style.display = 'none';
    return 0;
  }
  else {
    e.style.display = 'block';
    return 1;
  }
}

function toggleBox(szDivId, elem, msg1, msg2)
{
  var res = -1;  if (document.getElementById) {
    res = flip(document.getElementById(szDivId));
  }
  else if (document.all) {
    // this is the way old msie versions work
    res = flip(document.all[szDivId]);
  }
  if(elem) {
    if(res == 0) elem.innerHTML = msg1; else elem.innerHTML = msg2;
  }

}

function toggleAllBoxes() {
  if (document.getElementsByTagName) {
    d = document.getElementsByTagName('div');
    for (i = 0; i < d.length; i++) {
      if (d[i].className == 'log') {
        flip(d[i]);
      }
    }
  }
}

// -->
</script>

</head>
<body>
<h2 align='center'>TC_DB_34: Verify Trash Functionality for DRAFT Icon.</h2><table border='1' align="center">
<tr>
<td>Tests passed/Failed/Skipped:</td><td>0/1/0</td>
</tr><tr>
<td>Started on:</td><td>Wed Sep 05 12:36:40 IST 2018</td>
</tr>
<tr><td>Total time:</td><td>235 seconds (235592 ms)</td>
</tr><tr>
<td>Included groups:</td><td></td>
</tr><tr>
<td>Excluded groups:</td><td></td>
</tr>
</table><p/>
<small><i>(Hover the method name to see the test class name)</i></small><p/>
<table width='100%' border='1' class='invocation-failed'>
<tr><td colspan='4' align='center'><b>FAILED TESTS</b></td></tr>
<tr><td><b>Test method</b></td>
<td width="30%"><b>Exception</b></td>
<td width="10%"><b>Time (seconds)</b></td>
<td><b>Instance</b></td>
</tr>
<tr>
<td title='com.automation.index.PackageIndex.TC_DB_34()'><b>TC_DB_34</b><br>Test class: com.automation.index.PackageIndex<br/>
<a href="#Output-162110532" onClick='toggleBox("Output-162110532", this, "Show output", "Hide output");'>Show output</a>

<a href="#Output-162110532" onClick="toggleAllBoxes();">Show all outputs</a>
<div class='log' id="Output-162110532">
<strong> <h3 style="color:DarkViolet"> TC_DB_34: Verify Trash Functionality for DRAFT Icon.</h3> </strong><br/>
<br><strong>Step 1 Enter Username.</strong></br><br/>
</br>&nbsp;&nbsp;&nbsp;&nbsp;  -> Username entered: service+sydtest@e-signsolutions.com </br><br/>
<br><strong>Step 2 Enter Password.</strong></br><br/>
</br>&nbsp;&nbsp;&nbsp;&nbsp;  -> Password entered: N!vattelapesca</br><br/>
<br><strong>Step 3 Click on Login button.</strong></br><br/>
<h3><b style='color:#1466B8'>&nbsp;&nbsp;&nbsp;Verify user has logged in successfuly.</h3></b><br/>
</br>&nbsp;&nbsp;&nbsp;&nbsp;</br><br/>
<strong> <h3 style="color:DarkRed"> &#10008; <i> UNSUCCESSFUL </i></h3> </strong><br/>
</br>&nbsp;&nbsp;&nbsp;&nbsp;Failed to capture screenshot: Destination 'D:\Project\eSign\Screenshot\screenshots' directory cannot be created</br><br/>
</br>&nbsp;&nbsp;&nbsp;&nbsp;<br><Strong><font color=#FF0000>--Failed</font></strong></br><br/>
</br>&nbsp;&nbsp;&nbsp;&nbsp;<a href='screenshots/LoginFailed.png' target='_new'>LoginFailed.png</a></br><br/>
<br><strong>Step 4 Select workflow from dropdown.</strong></br><br/>
<br><strong>Step 5 Click on 'Create' Button.</strong></br><br/>
<br><strong>Step 6 Enter 'Borrower 1:' details to create package.</strong></br><br/>
</br>&nbsp;&nbsp;&nbsp;&nbsp;  -> Internl Reference: Reference_BVeiW</br><br/>
</br>&nbsp;&nbsp;&nbsp;&nbsp;  -> First Name: autoFnameJhxfbqcyvR</br><br/>
</br>&nbsp;&nbsp;&nbsp;&nbsp;  -> Last Name: autoLnameSfuufvhEeM</br><br/>
</br>&nbsp;&nbsp;&nbsp;&nbsp;  -> Email : auto_yZZAmZDMryiacNBnCXSG@mailinator.com</br><br/>
</br>&nbsp;&nbsp;&nbsp;&nbsp;  -> Mobile Number : +61444444444</br><br/>
<br><strong>Step 7 Choose any random WAFR Attachments.</strong></br><br/>
</br>&nbsp;&nbsp;&nbsp;&nbsp;  -> 2 Attachments going to be select.</br><br/>
</br>&nbsp;&nbsp;&nbsp;&nbsp;  -> Transfer of Land</br><br/>
</br>&nbsp;&nbsp;&nbsp;&nbsp;  -> Certificate of Insurance 1</br><br/>
<br><strong>Step 8 Enter 'Guarantor 1:' details to create package.</strong></br><br/>
</br>&nbsp;&nbsp;&nbsp;&nbsp;  -> Select Gurantor 1 Check box to enter details.</br><br/>
</br>&nbsp;&nbsp;&nbsp;&nbsp;  -> Guarantor First Name: autoGFnameJbbFVsXdCk</br><br/>
</br>&nbsp;&nbsp;&nbsp;&nbsp;  -> Guarantor Last Name: autoGLnameLPdmkNihCc</br><br/>
</br>&nbsp;&nbsp;&nbsp;&nbsp;  -> Guarantor Email : auto_G_GWuNNcJACZFSWtAdIRLz@mailinator.com</br><br/>
</br>&nbsp;&nbsp;&nbsp;&nbsp;  -> Guarantor Mobile Number : +61444444444</br><br/>
<br><strong>Step 9 Enter 'Relationship Manager:' details to create package.</strong></br><br/>
</br>&nbsp;&nbsp;&nbsp;&nbsp;  -> Select Relationship Manager Check box to enter details.</br><br/>
</br>&nbsp;&nbsp;&nbsp;&nbsp;  -> Relationship Manager First Name: autoRFnameanwSSkQFjH</br><br/>
</br>&nbsp;&nbsp;&nbsp;&nbsp;  -> Relationship Manager Last Name: autoRLnamebpGKxQTEGB</br><br/>
</br>&nbsp;&nbsp;&nbsp;&nbsp;  -> Relationship Manager Email : auto_R_rmcIYXWdDvNHBVeoMMPi@mailinator.com</br><br/>
</br>&nbsp;&nbsp;&nbsp;&nbsp;  -> Relationship Manager Mobile Number : +61444444444</br><br/>
<br><strong>Step 10 Choose any random WAFR Attachments for Relationship Manager.</strong></br><br/>
</br>&nbsp;&nbsp;&nbsp;&nbsp;  -> Selected WAFR Attachment: DCC</br><br/>
<br><strong>Step 11 Click on Create Button to Create Package.</strong></br><br/>
<br><strong>Step 12 Click on 'Save as Draft' button.</strong></br><br/>
<h3><b style='color:#1466B8'>&nbsp;&nbsp;&nbsp;Verify that package has successfully created and found in package table with Draft Status.</h3></b><br/>
</br>&nbsp;&nbsp;&nbsp;&nbsp;Ref 05Sep5</br><br/>
</br>&nbsp;&nbsp;&nbsp;&nbsp;Reference_BVeiW</br><br/>
<strong> <h3 style="color:DarkRed"> &#10008; <i> UNSUCCESSFUL </i></h3> </strong><br/>
</br>&nbsp;&nbsp;&nbsp;&nbsp;Failed to capture screenshot: Destination 'D:\Project\eSign\Screenshot\screenshots' directory cannot be created</br><br/>
</br>&nbsp;&nbsp;&nbsp;&nbsp;<br><Strong><font color=#FF0000>--Failed</font></strong></br><br/>
</br>&nbsp;&nbsp;&nbsp;&nbsp;<a href='screenshots/PackageCreatedFailed.png' target='_new'>PackageCreatedFailed.png</a></br><br/>
<br><strong>Step 13 Click on Reference name to select package.</strong></br><br/>
</br>&nbsp;&nbsp;&nbsp;&nbsp;Reference_BVeiW</br><br/>
<br> <b>Please look to the screenshot - </b><br/>
</br>&nbsp;&nbsp;&nbsp;&nbsp;Failed to capture screenshot: Destination 'D:\Project\eSign\Screenshot\screenshots' directory cannot be created</br><br/>
</br>&nbsp;&nbsp;&nbsp;&nbsp;<br><Strong><font color=#FF0000>--Failed</font></strong></br><br/>
</br>&nbsp;&nbsp;&nbsp;&nbsp;<a href='screenshots/0905124032739TC_DB_34.png' target='_new'>0905124032739TC_DB_34.png</a></br><br/>
<br></br><h3>Failure Reason:</h3><br/>
<br></br>org.openqa.selenium.NoSuchElementException: no such element: Unable to locate element: {&quot;method&quot;:&quot;xpath&quot;,&quot;selector&quot;:&quot;//table[@id=&apos;packages&apos;]//tr[1]//td[1][contains(text(),&apos;Reference_BVeiW&apos;)]&quot;}<br/>
</br>&nbsp;&nbsp;&nbsp;&nbsp;<hr size='15px' noshade color='red'></br><br/>
</div>
</td>
<td><div><pre>org.openqa.selenium.NoSuchElementException: no such element: Unable to locate element: {&quot;method&quot;:&quot;xpath&quot;,&quot;selector&quot;:&quot;//table[@id=&apos;packages&apos;]//tr[1]//td[1][contains(text(),&apos;Reference_BVeiW&apos;)]&quot;}
  (Session info: chrome=68.0.3440.106)
  (Driver info: chromedriver=2.41.578737 (49da6702b16031c40d63e5618de03a32ff6c197e),platform=Windows NT 10.0.10586 x86_64) (WARNING: The server did not provide any stacktrace information)
Command duration or timeout: 0 milliseconds
For documentation on this error, please visit: http://seleniumhq.org/exceptions/no_such_element.html
Build info: version: &apos;3.13.0&apos;, revision: &apos;2f0d292&apos;, time: &apos;2018-06-25T15:24:21.231Z&apos;
System info: host: &apos;DESKTOP-F17C8H7&apos;, ip: &apos;192.168.1.165&apos;, os.name: &apos;Windows 8.1&apos;, os.arch: &apos;amd64&apos;, os.version: &apos;6.3&apos;, java.version: &apos;1.8.0-ea&apos;
Driver info: org.openqa.selenium.chrome.ChromeDriver
Capabilities {acceptInsecureCerts: false, acceptSslCerts: false, applicationCacheEnabled: false, browserConnectionEnabled: false, browserName: chrome, chrome: {chromedriverVersion: 2.41.578737 (49da6702b16031..., userDataDir: C:\Users\admin\AppData\Loca...}, cssSelectorsEnabled: true, databaseEnabled: false, goog:chromeOptions: {debuggerAddress: localhost:63733}, handlesAlerts: true, hasTouchScreen: false, javascriptEnabled: true, locationContextEnabled: true, mobileEmulationEnabled: false, nativeEvents: true, networkConnectionEnabled: false, pageLoadStrategy: normal, platform: XP, platformName: XP, rotatable: false, setWindowRect: true, takesHeapSnapshot: true, takesScreenshot: true, unexpectedAlertBehaviour: , unhandledPromptBehavior: , version: 68.0.3440.106, webStorageEnabled: true}
Session ID: 60a7a6b3ab155aa5ba5f44d33fad7a48
*** Element info: {Using=xpath, value=//table[@id=&apos;packages&apos;]//tr[1]//td[1][contains(text(),&apos;Reference_BVeiW&apos;)]}
	at sun.reflect.GeneratedConstructorAccessor66.newInstance(Unknown Source)
	at sun.reflect.DelegatingConstructorAccessorImpl.newInstance(DelegatingConstructorAccessorImpl.java:45)
	at java.lang.reflect.Constructor.newInstance(Constructor.java:406)
	at org.openqa.selenium.remote.ErrorHandler.createThrowable(ErrorHandler.java:214)
	at org.openqa.selenium.remote.ErrorHandler.throwIfResponseFailed(ErrorHandler.java:166)
	at org.openqa.selenium.remote.http.JsonHttpResponseCodec.reconstructValue(JsonHttpResponseCodec.java:40)
	at org.openqa.selenium.remote.http.AbstractHttpResponseCodec.decode(AbstractHttpResponseCodec.java:80)
	at org.openqa.selenium.remote.http.AbstractHttpResponseCodec.decode(AbstractHttpResponseCodec.java:44)
	at org.openqa.selenium.remote.HttpCommandExecutor.execute(HttpCommandExecutor.java:158)
	at org.openqa.selenium.remote.service.DriverCommandExecutor.execute(DriverCommandExecutor.java:83)
	at org.openqa.selenium.remote.RemoteWebDriver.execute(RemoteWebDriver.java:548)
	at org.openqa.selenium.remote.RemoteWebDriver.findElement(RemoteWebDriver.java:322)
	at org.openqa.selenium.remote.RemoteWebDriver.findElementByXPath(RemoteWebDriver.java:424)
	at org.openqa.selenium.By$ByXPath.findElement(By.java:353)
	at org.openqa.selenium.remote.RemoteWebDriver.findElement(RemoteWebDriver.java:314)
	at com.automation.indexpage.PackageIndexpage.clickRefpackageontable(PackageIndexpage.java:765)
	at com.automation.index.PackageIndex.TC_DB_34(PackageIndex.java:4967)
	at sun.reflect.NativeMethodAccessorImpl.invoke0(Native Method)
	at sun.reflect.NativeMethodAccessorImpl.invoke(NativeMethodAccessorImpl.java:57)
	at sun.reflect.DelegatingMethodAccessorImpl.invoke(DelegatingMethodAccessorImpl.java:43)
	at java.lang.reflect.Method.invoke(Method.java:483)
	at org.testng.internal.MethodInvocationHelper.invokeMethod(MethodInvocationHelper.java:124)
	at org.testng.internal.Invoker.invokeMethod(Invoker.java:580)
	at org.testng.internal.Invoker.invokeTestMethod(Invoker.java:716)
	at org.testng.internal.Invoker.invokeTestMethods(Invoker.java:988)
	at org.testng.internal.TestMethodWorker.invokeTestMethods(TestMethodWorker.java:125)
	at org.testng.internal.TestMethodWorker.run(TestMethodWorker.java:109)
	at org.testng.TestRunner.privateRun(TestRunner.java:648)
	at org.testng.TestRunner.run(TestRunner.java:505)
	at org.testng.SuiteRunner.runTest(SuiteRunner.java:455)
	at org.testng.SuiteRunner.access$000(SuiteRunner.java:40)
	at org.testng.SuiteRunner$SuiteWorker.run(SuiteRunner.java:489)
	at org.testng.internal.thread.ThreadUtil$1.call(ThreadUtil.java:52)
	at java.util.concurrent.FutureTask.run(FutureTask.java:266)
	at java.util.concurrent.ThreadPoolExecutor.runWorker(ThreadPoolExecutor.java:1142)
	at java.util.concurrent.ThreadPoolExecutor$Worker.run(ThreadPoolExecutor.java:617)
	at java.lang.Thread.run(Thread.java:744)
</pre></div><a href='#' onClick='toggleBox("stack-trace162110532", this, "Click to show all stack frames", "Click to hide stack frames")'>Click to show all stack frames</a>
<div class='stack-trace' id='stack-trace162110532'><pre>org.openqa.selenium.NoSuchElementException: no such element: Unable to locate element: {&quot;method&quot;:&quot;xpath&quot;,&quot;selector&quot;:&quot;//table[@id=&apos;packages&apos;]//tr[1]//td[1][contains(text(),&apos;Reference_BVeiW&apos;)]&quot;}
  (Session info: chrome=68.0.3440.106)
  (Driver info: chromedriver=2.41.578737 (49da6702b16031c40d63e5618de03a32ff6c197e),platform=Windows NT 10.0.10586 x86_64) (WARNING: The server did not provide any stacktrace information)
Command duration or timeout: 0 milliseconds
For documentation on this error, please visit: http://seleniumhq.org/exceptions/no_such_element.html
Build info: version: &apos;3.13.0&apos;, revision: &apos;2f0d292&apos;, time: &apos;2018-06-25T15:24:21.231Z&apos;
System info: host: &apos;DESKTOP-F17C8H7&apos;, ip: &apos;192.168.1.165&apos;, os.name: &apos;Windows 8.1&apos;, os.arch: &apos;amd64&apos;, os.version: &apos;6.3&apos;, java.version: &apos;1.8.0-ea&apos;
Driver info: org.openqa.selenium.chrome.ChromeDriver
Capabilities {acceptInsecureCerts: false, acceptSslCerts: false, applicationCacheEnabled: false, browserConnectionEnabled: false, browserName: chrome, chrome: {chromedriverVersion: 2.41.578737 (49da6702b16031..., userDataDir: C:\Users\admin\AppData\Loca...}, cssSelectorsEnabled: true, databaseEnabled: false, goog:chromeOptions: {debuggerAddress: localhost:63733}, handlesAlerts: true, hasTouchScreen: false, javascriptEnabled: true, locationContextEnabled: true, mobileEmulationEnabled: false, nativeEvents: true, networkConnectionEnabled: false, pageLoadStrategy: normal, platform: XP, platformName: XP, rotatable: false, setWindowRect: true, takesHeapSnapshot: true, takesScreenshot: true, unexpectedAlertBehaviour: , unhandledPromptBehavior: , version: 68.0.3440.106, webStorageEnabled: true}
Session ID: 60a7a6b3ab155aa5ba5f44d33fad7a48
*** Element info: {Using=xpath, value=//table[@id=&apos;packages&apos;]//tr[1]//td[1][contains(text(),&apos;Reference_BVeiW&apos;)]}
	at sun.reflect.GeneratedConstructorAccessor66.newInstance(Unknown Source)
	at sun.reflect.DelegatingConstructorAccessorImpl.newInstance(DelegatingConstructorAccessorImpl.java:45)
	at java.lang.reflect.Constructor.newInstance(Constructor.java:406)
	at org.openqa.selenium.remote.ErrorHandler.createThrowable(ErrorHandler.java:214)
	at org.openqa.selenium.remote.ErrorHandler.throwIfResponseFailed(ErrorHandler.java:166)
	at org.openqa.selenium.remote.http.JsonHttpResponseCodec.reconstructValue(JsonHttpResponseCodec.java:40)
	at org.openqa.selenium.remote.http.AbstractHttpResponseCodec.decode(AbstractHttpResponseCodec.java:80)
	at org.openqa.selenium.remote.http.AbstractHttpResponseCodec.decode(AbstractHttpResponseCodec.java:44)
	at org.openqa.selenium.remote.HttpCommandExecutor.execute(HttpCommandExecutor.java:158)
	at org.openqa.selenium.remote.service.DriverCommandExecutor.execute(DriverCommandExecutor.java:83)
	at org.openqa.selenium.remote.RemoteWebDriver.execute(RemoteWebDriver.java:548)
	at org.openqa.selenium.remote.RemoteWebDriver.findElement(RemoteWebDriver.java:322)
	at org.openqa.selenium.remote.RemoteWebDriver.findElementByXPath(RemoteWebDriver.java:424)
	at org.openqa.selenium.By$ByXPath.findElement(By.java:353)
	at org.openqa.selenium.remote.RemoteWebDriver.findElement(RemoteWebDriver.java:314)
	at com.automation.indexpage.PackageIndexpage.clickRefpackageontable(PackageIndexpage.java:765)
	at com.automation.index.PackageIndex.TC_DB_34(PackageIndex.java:4967)
	at sun.reflect.NativeMethodAccessorImpl.invoke0(Native Method)
	at sun.reflect.NativeMethodAccessorImpl.invoke(NativeMethodAccessorImpl.java:57)
	at sun.reflect.DelegatingMethodAccessorImpl.invoke(DelegatingMethodAccessorImpl.java:43)
	at java.lang.reflect.Method.invoke(Method.java:483)
	at org.testng.internal.MethodInvocationHelper.invokeMethod(MethodInvocationHelper.java:124)
	at org.testng.internal.Invoker.invokeMethod(Invoker.java:580)
	at org.testng.internal.Invoker.invokeTestMethod(Invoker.java:716)
	at org.testng.internal.Invoker.invokeTestMethods(Invoker.java:988)
	at org.testng.internal.TestMethodWorker.invokeTestMethods(TestMethodWorker.java:125)
	at org.testng.internal.TestMethodWorker.run(TestMethodWorker.java:109)
	at org.testng.TestRunner.privateRun(TestRunner.java:648)
	at org.testng.TestRunner.run(TestRunner.java:505)
	at org.testng.SuiteRunner.runTest(SuiteRunner.java:455)
	at org.testng.SuiteRunner.access$000(SuiteRunner.java:40)
	at org.testng.SuiteRunner$SuiteWorker.run(SuiteRunner.java:489)
	at org.testng.internal.thread.ThreadUtil$1.call(ThreadUtil.java:52)
	at java.util.concurrent.FutureTask.run(FutureTask.java:266)
	at java.util.concurrent.ThreadPoolExecutor.runWorker(ThreadPoolExecutor.java:1142)
	at java.util.concurrent.ThreadPoolExecutor$Worker.run(ThreadPoolExecutor.java:617)
	at java.lang.Thread.run(Thread.java:744)
</pre></div></td>
<td>208</td>
<td>com.automation.index.PackageIndex@12405818</td></tr>
</table><p>
</body>
</html>