<html>
<head>
<title>TestNG:  TC_DB_35: Verify Trash Functionality for Ready Status Package</title>
<link href="../testng.css" rel="stylesheet" type="text/css" />
<link href="../my-testng.css" rel="stylesheet" type="text/css" />

<style type="text/css">
.log { display: none;} 
.stack-trace { display: none;} 
</style>
<script type="text/javascript">
<!--
function flip(e) {
  current = e.style.display;
  if (current == 'block') {
    e.style.display = 'none';
    return 0;
  }
  else {
    e.style.display = 'block';
    return 1;
  }
}

function toggleBox(szDivId, elem, msg1, msg2)
{
  var res = -1;  if (document.getElementById) {
    res = flip(document.getElementById(szDivId));
  }
  else if (document.all) {
    // this is the way old msie versions work
    res = flip(document.all[szDivId]);
  }
  if(elem) {
    if(res == 0) elem.innerHTML = msg1; else elem.innerHTML = msg2;
  }

}

function toggleAllBoxes() {
  if (document.getElementsByTagName) {
    d = document.getElementsByTagName('div');
    for (i = 0; i < d.length; i++) {
      if (d[i].className == 'log') {
        flip(d[i]);
      }
    }
  }
}

// -->
</script>

</head>
<body>
<h2 align='center'>TC_DB_35: Verify Trash Functionality for Ready Status Package</h2><table border='1' align="center">
<tr>
<td>Tests passed/Failed/Skipped:</td><td>0/1/0</td>
</tr><tr>
<td>Started on:</td><td>Wed Sep 05 12:40:35 IST 2018</td>
</tr>
<tr><td>Total time:</td><td>492 seconds (492271 ms)</td>
</tr><tr>
<td>Included groups:</td><td></td>
</tr><tr>
<td>Excluded groups:</td><td></td>
</tr>
</table><p/>
<small><i>(Hover the method name to see the test class name)</i></small><p/>
<table width='100%' border='1' class='invocation-failed'>
<tr><td colspan='4' align='center'><b>FAILED TESTS</b></td></tr>
<tr><td><b>Test method</b></td>
<td width="30%"><b>Exception</b></td>
<td width="10%"><b>Time (seconds)</b></td>
<td><b>Instance</b></td>
</tr>
<tr>
<td title='com.automation.index.PackageIndex.TC_DB_35()'><b>TC_DB_35</b><br>Test class: com.automation.index.PackageIndex<br/>
<a href="#Output-1830427866" onClick='toggleBox("Output-1830427866", this, "Show output", "Hide output");'>Show output</a>

<a href="#Output-1830427866" onClick="toggleAllBoxes();">Show all outputs</a>
<div class='log' id="Output-1830427866">
<strong> <h3 style="color:DarkViolet"> TC_DB_35 : Verify Trash Functionality for Ready Status Package. </h3> </strong><br/>
<br><strong>Step 1 Enter Username.</strong></br><br/>
</br>&nbsp;&nbsp;&nbsp;&nbsp;  -> Username entered: service+sydtest@e-signsolutions.com </br><br/>
<br><strong>Step 2 Enter Password.</strong></br><br/>
</br>&nbsp;&nbsp;&nbsp;&nbsp;  -> Password entered: N!vattelapesca</br><br/>
<br><strong>Step 3 Click on Login button.</strong></br><br/>
<h3><b style='color:#1466B8'>&nbsp;&nbsp;&nbsp;Verify user has logged in successfuly.</h3></b><br/>
</br>&nbsp;&nbsp;&nbsp;&nbsp;Welcome Sydney Test</br><br/>
<strong> <h3 style="color:DarkGreen">  &#10004; <i>  SUCCESSFUL </i></h3> </strong> <br/>
<br><strong>Step 4 Select workflow from dropdown.</strong></br><br/>
<br><strong>Step 5 Click on 'Create' Button.</strong></br><br/>
<br><strong>Step 6 Enter Borrower details to create package.</strong></br><br/>
</br>&nbsp;&nbsp;&nbsp;&nbsp;  -> Internl Reference: Reference_CWoNI</br><br/>
</br>&nbsp;&nbsp;&nbsp;&nbsp;  -> First Name: autoFnamelMAHiUXpRu</br><br/>
</br>&nbsp;&nbsp;&nbsp;&nbsp;  -> Last Name: autoLnameykzOubpDXY</br><br/>
</br>&nbsp;&nbsp;&nbsp;&nbsp;  -> Email : auto_AtMLoFmZHxkPpKSiKJGQ@mailinator.com</br><br/>
</br>&nbsp;&nbsp;&nbsp;&nbsp;  -> Mobile Number : +61444444444</br><br/>
<br><strong>Step 7 Choose any random WAFR Attachments.</strong></br><br/>
</br>&nbsp;&nbsp;&nbsp;&nbsp;  -> 1 Attachments going to be select.</br><br/>
</br>&nbsp;&nbsp;&nbsp;&nbsp;  -> Transfer of Land</br><br/>
<br><strong>Step 8 Click on Create Button to Create Package.</strong></br><br/>
<br><strong>Step 9 Choose 'Cloude Services Agreement' checkbox to upload contract document.</strong></br><br/>
<br><strong>Step 10 Upload any agreenment file template</strong></br><br/>
<br><strong>Step 11 Click on 'Send Package' button.</strong></br><br/>
<h3><b style='color:#1466B8'>&nbsp;&nbsp;&nbsp;Verify that package has successfully created and found in package table.</h3></b><br/>
</br>&nbsp;&nbsp;&nbsp;&nbsp;Reference_CWoNI</br><br/>
</br>&nbsp;&nbsp;&nbsp;&nbsp;Reference_CWoNI</br><br/>
<strong> <h3 style="color:DarkGreen">  &#10004; <i>  SUCCESSFUL </i></h3> </strong> <br/>
<br><strong>Step 12 Open Mailinator to check if user has received package created notification.</strong></br><br/>
<br><strong>Step 13 Enter test email address.</strong></br><br/>
<br><strong>Step 14 Click on email notiction received from 'ACME Business Banking'.</strong></br><br/>
<br><strong>Step 15 Click on 'Go to My documents' button to navigate Dashboard.</strong></br><br/>
<br><strong>Step 16 Navigate to other tab and accept Consent.</strong></br><br/>
<br><strong>Step 17 Click on 'Request SMS Authentication Code' button.</strong></br><br/>
<br><strong>Step 18 Enter SMS Code.</strong></br><br/>
<br><strong>Step 19 Click on Authenticate button to verify SMS Code.</strong></br><br/>
<h3><b style='color:#1466B8'>&nbsp;&nbsp;&nbsp;Verify that user navigates to 'Documents Portal'.</h3></b><br/>
</br>&nbsp;&nbsp;&nbsp;&nbsp;  ->Verify Borrower is navigated to portal.</br><br/>
<strong> <h3 style="color:DarkGreen">  &#10004; <i>  SUCCESSFUL </i></h3> </strong> <br/>
<br><strong>Step 20 Click on 'View Document' of 'Product Disclosure Statement'.</strong></br><br/>
<br><strong>Step 21 Click on 'Back to loan documents portal' button of 'Product Disclosure Statement'.</strong></br><br/>
<h3><b style='color:#1466B8'>&nbsp;&nbsp;&nbsp;Verify that 'Not Viewed' state has been changed to 'Viewed'.</h3></b><br/>
<strong> <h3 style="color:DarkGreen">  &#10004; <i>  SUCCESSFUL </i></h3> </strong> <br/>
<br><strong>Step 22 Click on 'Sign Online' button.</strong></br><br/>
<br><strong>Step 23 Click on Down Arrow button move at the end of document.</strong></br><br/>
<br><strong>Step 24 Click on 'Click to Sign' check mark area.</strong></br><br/>
<br><strong>Step 25 Click on 'Ok' to accept confirmation</strong></br><br/>
<br><strong>Step 26 Click on 'Return to Home' button to navigate back to Portal.</strong></br><br/>
<h3><b style='color:#1466B8'>&nbsp;&nbsp;&nbsp;Verify that 'eSign documents' status changed to 'Signed'.</h3></b><br/>
<strong> <h3 style="color:DarkGreen">  &#10004; <i>  SUCCESSFUL </i></h3> </strong> <br/>
<br><strong>Step 27 Switchback to Dashboard</strong></br><br/>
<br><strong>Step 28 Verify Ready Icon</strong></br><br/>
</br>&nbsp;&nbsp;&nbsp;&nbsp;Reference_CWoNI</br><br/>
</br>&nbsp;&nbsp;&nbsp;&nbsp;Reference_CWoNI</br><br/>
<br> <b>Please look to the screenshot - </b><br/>
</br>&nbsp;&nbsp;&nbsp;&nbsp;Failed to capture screenshot: Destination 'D:\Project\eSign\Screenshot\screenshots' directory cannot be created</br><br/>
</br>&nbsp;&nbsp;&nbsp;&nbsp;<br><Strong><font color=#FF0000>--Failed</font></strong></br><br/>
</br>&nbsp;&nbsp;&nbsp;&nbsp;<a href='screenshots/0905124846541TC_DB_35.png' target='_new'>0905124846541TC_DB_35.png</a></br><br/>
<br></br><h3>Failure Reason:</h3><br/>
<br></br>org.openqa.selenium.NoSuchElementException: no such element: Unable to locate element: {&quot;method&quot;:&quot;xpath&quot;,&quot;selector&quot;:&quot;.//*[contains(text(),&apos;Reference_CWoNI&apos;)]/..//*[@title=&apos;READY&apos;]&quot;}<br/>
</br>&nbsp;&nbsp;&nbsp;&nbsp;<hr size='15px' noshade color='red'></br><br/>
</div>
</td>
<td><div><pre>org.openqa.selenium.NoSuchElementException: no such element: Unable to locate element: {&quot;method&quot;:&quot;xpath&quot;,&quot;selector&quot;:&quot;.//*[contains(text(),&apos;Reference_CWoNI&apos;)]/..//*[@title=&apos;READY&apos;]&quot;}
  (Session info: chrome=68.0.3440.106)
  (Driver info: chromedriver=2.41.578737 (49da6702b16031c40d63e5618de03a32ff6c197e),platform=Windows NT 10.0.10586 x86_64) (WARNING: The server did not provide any stacktrace information)
Command duration or timeout: 0 milliseconds
For documentation on this error, please visit: http://seleniumhq.org/exceptions/no_such_element.html
Build info: version: &apos;3.13.0&apos;, revision: &apos;2f0d292&apos;, time: &apos;2018-06-25T15:24:21.231Z&apos;
System info: host: &apos;DESKTOP-F17C8H7&apos;, ip: &apos;192.168.1.165&apos;, os.name: &apos;Windows 8.1&apos;, os.arch: &apos;amd64&apos;, os.version: &apos;6.3&apos;, java.version: &apos;1.8.0-ea&apos;
Driver info: org.openqa.selenium.chrome.ChromeDriver
Capabilities {acceptInsecureCerts: false, acceptSslCerts: false, applicationCacheEnabled: false, browserConnectionEnabled: false, browserName: chrome, chrome: {chromedriverVersion: 2.41.578737 (49da6702b16031..., userDataDir: C:\Users\admin\AppData\Loca...}, cssSelectorsEnabled: true, databaseEnabled: false, goog:chromeOptions: {debuggerAddress: localhost:63911}, handlesAlerts: true, hasTouchScreen: false, javascriptEnabled: true, locationContextEnabled: true, mobileEmulationEnabled: false, nativeEvents: true, networkConnectionEnabled: false, pageLoadStrategy: normal, platform: XP, platformName: XP, rotatable: false, setWindowRect: true, takesHeapSnapshot: true, takesScreenshot: true, unexpectedAlertBehaviour: , unhandledPromptBehavior: , version: 68.0.3440.106, webStorageEnabled: true}
Session ID: d49a37924d3cf06cb152c0a74d15c2cd
*** Element info: {Using=xpath, value=.//*[contains(text(),&apos;Reference_CWoNI&apos;)]/..//*[@title=&apos;READY&apos;]}
	at sun.reflect.GeneratedConstructorAccessor66.newInstance(Unknown Source)
	at sun.reflect.DelegatingConstructorAccessorImpl.newInstance(DelegatingConstructorAccessorImpl.java:45)
	at java.lang.reflect.Constructor.newInstance(Constructor.java:406)
	at org.openqa.selenium.remote.ErrorHandler.createThrowable(ErrorHandler.java:214)
	at org.openqa.selenium.remote.ErrorHandler.throwIfResponseFailed(ErrorHandler.java:166)
	at org.openqa.selenium.remote.http.JsonHttpResponseCodec.reconstructValue(JsonHttpResponseCodec.java:40)
	at org.openqa.selenium.remote.http.AbstractHttpResponseCodec.decode(AbstractHttpResponseCodec.java:80)
	at org.openqa.selenium.remote.http.AbstractHttpResponseCodec.decode(AbstractHttpResponseCodec.java:44)
	at org.openqa.selenium.remote.HttpCommandExecutor.execute(HttpCommandExecutor.java:158)
	at org.openqa.selenium.remote.service.DriverCommandExecutor.execute(DriverCommandExecutor.java:83)
	at org.openqa.selenium.remote.RemoteWebDriver.execute(RemoteWebDriver.java:548)
	at org.openqa.selenium.remote.RemoteWebDriver.findElement(RemoteWebDriver.java:322)
	at org.openqa.selenium.remote.RemoteWebDriver.findElementByXPath(RemoteWebDriver.java:424)
	at org.openqa.selenium.By$ByXPath.findElement(By.java:353)
	at org.openqa.selenium.remote.RemoteWebDriver.findElement(RemoteWebDriver.java:314)
	at com.automation.verification.PackageVerification.verifyReadyIcon(PackageVerification.java:308)
	at com.automation.index.PackageIndex.TC_DB_35(PackageIndex.java:5198)
	at sun.reflect.NativeMethodAccessorImpl.invoke0(Native Method)
	at sun.reflect.NativeMethodAccessorImpl.invoke(NativeMethodAccessorImpl.java:57)
	at sun.reflect.DelegatingMethodAccessorImpl.invoke(DelegatingMethodAccessorImpl.java:43)
	at java.lang.reflect.Method.invoke(Method.java:483)
	at org.testng.internal.MethodInvocationHelper.invokeMethod(MethodInvocationHelper.java:124)
	at org.testng.internal.Invoker.invokeMethod(Invoker.java:580)
	at org.testng.internal.Invoker.invokeTestMethod(Invoker.java:716)
	at org.testng.internal.Invoker.invokeTestMethods(Invoker.java:988)
	at org.testng.internal.TestMethodWorker.invokeTestMethods(TestMethodWorker.java:125)
	at org.testng.internal.TestMethodWorker.run(TestMethodWorker.java:109)
	at org.testng.TestRunner.privateRun(TestRunner.java:648)
	at org.testng.TestRunner.run(TestRunner.java:505)
	at org.testng.SuiteRunner.runTest(SuiteRunner.java:455)
	at org.testng.SuiteRunner.access$000(SuiteRunner.java:40)
	at org.testng.SuiteRunner$SuiteWorker.run(SuiteRunner.java:489)
	at org.testng.internal.thread.ThreadUtil$1.call(ThreadUtil.java:52)
	at java.util.concurrent.FutureTask.run(FutureTask.java:266)
	at java.util.concurrent.ThreadPoolExecutor.runWorker(ThreadPoolExecutor.java:1142)
	at java.util.concurrent.ThreadPoolExecutor$Worker.run(ThreadPoolExecutor.java:617)
	at java.lang.Thread.run(Thread.java:744)
</pre></div><a href='#' onClick='toggleBox("stack-trace1830427866", this, "Click to show all stack frames", "Click to hide stack frames")'>Click to show all stack frames</a>
<div class='stack-trace' id='stack-trace1830427866'><pre>org.openqa.selenium.NoSuchElementException: no such element: Unable to locate element: {&quot;method&quot;:&quot;xpath&quot;,&quot;selector&quot;:&quot;.//*[contains(text(),&apos;Reference_CWoNI&apos;)]/..//*[@title=&apos;READY&apos;]&quot;}
  (Session info: chrome=68.0.3440.106)
  (Driver info: chromedriver=2.41.578737 (49da6702b16031c40d63e5618de03a32ff6c197e),platform=Windows NT 10.0.10586 x86_64) (WARNING: The server did not provide any stacktrace information)
Command duration or timeout: 0 milliseconds
For documentation on this error, please visit: http://seleniumhq.org/exceptions/no_such_element.html
Build info: version: &apos;3.13.0&apos;, revision: &apos;2f0d292&apos;, time: &apos;2018-06-25T15:24:21.231Z&apos;
System info: host: &apos;DESKTOP-F17C8H7&apos;, ip: &apos;192.168.1.165&apos;, os.name: &apos;Windows 8.1&apos;, os.arch: &apos;amd64&apos;, os.version: &apos;6.3&apos;, java.version: &apos;1.8.0-ea&apos;
Driver info: org.openqa.selenium.chrome.ChromeDriver
Capabilities {acceptInsecureCerts: false, acceptSslCerts: false, applicationCacheEnabled: false, browserConnectionEnabled: false, browserName: chrome, chrome: {chromedriverVersion: 2.41.578737 (49da6702b16031..., userDataDir: C:\Users\admin\AppData\Loca...}, cssSelectorsEnabled: true, databaseEnabled: false, goog:chromeOptions: {debuggerAddress: localhost:63911}, handlesAlerts: true, hasTouchScreen: false, javascriptEnabled: true, locationContextEnabled: true, mobileEmulationEnabled: false, nativeEvents: true, networkConnectionEnabled: false, pageLoadStrategy: normal, platform: XP, platformName: XP, rotatable: false, setWindowRect: true, takesHeapSnapshot: true, takesScreenshot: true, unexpectedAlertBehaviour: , unhandledPromptBehavior: , version: 68.0.3440.106, webStorageEnabled: true}
Session ID: d49a37924d3cf06cb152c0a74d15c2cd
*** Element info: {Using=xpath, value=.//*[contains(text(),&apos;Reference_CWoNI&apos;)]/..//*[@title=&apos;READY&apos;]}
	at sun.reflect.GeneratedConstructorAccessor66.newInstance(Unknown Source)
	at sun.reflect.DelegatingConstructorAccessorImpl.newInstance(DelegatingConstructorAccessorImpl.java:45)
	at java.lang.reflect.Constructor.newInstance(Constructor.java:406)
	at org.openqa.selenium.remote.ErrorHandler.createThrowable(ErrorHandler.java:214)
	at org.openqa.selenium.remote.ErrorHandler.throwIfResponseFailed(ErrorHandler.java:166)
	at org.openqa.selenium.remote.http.JsonHttpResponseCodec.reconstructValue(JsonHttpResponseCodec.java:40)
	at org.openqa.selenium.remote.http.AbstractHttpResponseCodec.decode(AbstractHttpResponseCodec.java:80)
	at org.openqa.selenium.remote.http.AbstractHttpResponseCodec.decode(AbstractHttpResponseCodec.java:44)
	at org.openqa.selenium.remote.HttpCommandExecutor.execute(HttpCommandExecutor.java:158)
	at org.openqa.selenium.remote.service.DriverCommandExecutor.execute(DriverCommandExecutor.java:83)
	at org.openqa.selenium.remote.RemoteWebDriver.execute(RemoteWebDriver.java:548)
	at org.openqa.selenium.remote.RemoteWebDriver.findElement(RemoteWebDriver.java:322)
	at org.openqa.selenium.remote.RemoteWebDriver.findElementByXPath(RemoteWebDriver.java:424)
	at org.openqa.selenium.By$ByXPath.findElement(By.java:353)
	at org.openqa.selenium.remote.RemoteWebDriver.findElement(RemoteWebDriver.java:314)
	at com.automation.verification.PackageVerification.verifyReadyIcon(PackageVerification.java:308)
	at com.automation.index.PackageIndex.TC_DB_35(PackageIndex.java:5198)
	at sun.reflect.NativeMethodAccessorImpl.invoke0(Native Method)
	at sun.reflect.NativeMethodAccessorImpl.invoke(NativeMethodAccessorImpl.java:57)
	at sun.reflect.DelegatingMethodAccessorImpl.invoke(DelegatingMethodAccessorImpl.java:43)
	at java.lang.reflect.Method.invoke(Method.java:483)
	at org.testng.internal.MethodInvocationHelper.invokeMethod(MethodInvocationHelper.java:124)
	at org.testng.internal.Invoker.invokeMethod(Invoker.java:580)
	at org.testng.internal.Invoker.invokeTestMethod(Invoker.java:716)
	at org.testng.internal.Invoker.invokeTestMethods(Invoker.java:988)
	at org.testng.internal.TestMethodWorker.invokeTestMethods(TestMethodWorker.java:125)
	at org.testng.internal.TestMethodWorker.run(TestMethodWorker.java:109)
	at org.testng.TestRunner.privateRun(TestRunner.java:648)
	at org.testng.TestRunner.run(TestRunner.java:505)
	at org.testng.SuiteRunner.runTest(SuiteRunner.java:455)
	at org.testng.SuiteRunner.access$000(SuiteRunner.java:40)
	at org.testng.SuiteRunner$SuiteWorker.run(SuiteRunner.java:489)
	at org.testng.internal.thread.ThreadUtil$1.call(ThreadUtil.java:52)
	at java.util.concurrent.FutureTask.run(FutureTask.java:266)
	at java.util.concurrent.ThreadPoolExecutor.runWorker(ThreadPoolExecutor.java:1142)
	at java.util.concurrent.ThreadPoolExecutor$Worker.run(ThreadPoolExecutor.java:617)
	at java.lang.Thread.run(Thread.java:744)
</pre></div></td>
<td>471</td>
<td>com.automation.index.PackageIndex@442675e1</td></tr>
</table><p>
</body>
</html>