<html>
<head>
<title>TestNG:  TC_DB_31 : Verify 'Set to Draft' functionality from BY-PASS status</title>
<link href="../testng.css" rel="stylesheet" type="text/css" />
<link href="../my-testng.css" rel="stylesheet" type="text/css" />

<style type="text/css">
.log { display: none;} 
.stack-trace { display: none;} 
</style>
<script type="text/javascript">
<!--
function flip(e) {
  current = e.style.display;
  if (current == 'block') {
    e.style.display = 'none';
    return 0;
  }
  else {
    e.style.display = 'block';
    return 1;
  }
}

function toggleBox(szDivId, elem, msg1, msg2)
{
  var res = -1;  if (document.getElementById) {
    res = flip(document.getElementById(szDivId));
  }
  else if (document.all) {
    // this is the way old msie versions work
    res = flip(document.all[szDivId]);
  }
  if(elem) {
    if(res == 0) elem.innerHTML = msg1; else elem.innerHTML = msg2;
  }

}

function toggleAllBoxes() {
  if (document.getElementsByTagName) {
    d = document.getElementsByTagName('div');
    for (i = 0; i < d.length; i++) {
      if (d[i].className == 'log') {
        flip(d[i]);
      }
    }
  }
}

// -->
</script>

</head>
<body>
<h2 align='center'>TC_DB_31 : Verify 'Set to Draft' functionality from BY-PASS status</h2><table border='1' align="center">
<tr>
<td>Tests passed/Failed/Skipped:</td><td>0/1/0</td>
</tr><tr>
<td>Started on:</td><td>Tue Sep 11 14:27:27 IST 2018</td>
</tr>
<tr><td>Total time:</td><td>239 seconds (239990 ms)</td>
</tr><tr>
<td>Included groups:</td><td></td>
</tr><tr>
<td>Excluded groups:</td><td></td>
</tr>
</table><p/>
<small><i>(Hover the method name to see the test class name)</i></small><p/>
<table width='100%' border='1' class='invocation-failed'>
<tr><td colspan='4' align='center'><b>FAILED TESTS</b></td></tr>
<tr><td><b>Test method</b></td>
<td width="30%"><b>Exception</b></td>
<td width="10%"><b>Time (seconds)</b></td>
<td><b>Instance</b></td>
</tr>
<tr>
<td title='com.automation.index.PackageIndex.TC_DB_31()'><b>TC_DB_31</b><br>Test class: com.automation.index.PackageIndex<br/>
<a href="#Output-1259770663" onClick='toggleBox("Output-1259770663", this, "Show output", "Hide output");'>Show output</a>

<a href="#Output-1259770663" onClick="toggleAllBoxes();">Show all outputs</a>
<div class='log' id="Output-1259770663">
<strong> <h3 style="color:DarkViolet"> TC_DB_31: Verify 'Set to Draft' functionality from BY-PASS status</h3> </strong><br/>
<br><strong>Step 1 Enter Username.</strong></br><br/>
</br>&nbsp;&nbsp;&nbsp;&nbsp;  -> Username entered: sy1-dev09-owner@e-signsolutions.com</br><br/>
<br><strong>Step 2 Enter Password.</strong></br><br/>
</br>&nbsp;&nbsp;&nbsp;&nbsp;  -> Password entered: N#abe7dd95b55c1d635349395d8d9244</br><br/>
<br><strong>Step 3 Click on Login button.</strong></br><br/>
<h3><b style='color:#1466B8'>&nbsp;&nbsp;&nbsp;Verify user has logged in successfuly.</h3></b><br/>
</br>&nbsp;&nbsp;&nbsp;&nbsp;Welcome DEV09 Account</br><br/>
<strong> <h3 style="color:DarkGreen">  &#10004; <i>  SUCCESSFUL </i></h3> </strong> <br/>
<br><strong>Step 4 Select workflow from dropdown.</strong></br><br/>
<br><strong>Step 5 Click on 'Create' Button.</strong></br><br/>
<br><strong>Step 6 Enter 'Borrower 1:' details to create package.</strong></br><br/>
</br>&nbsp;&nbsp;&nbsp;&nbsp;  -> Internl Reference: Reference_Zyqqq</br><br/>
</br>&nbsp;&nbsp;&nbsp;&nbsp;  -> First Name: autoFnameVcjpdLXzTU</br><br/>
</br>&nbsp;&nbsp;&nbsp;&nbsp;  -> Last Name: autoLnameyiATlxZXrL</br><br/>
</br>&nbsp;&nbsp;&nbsp;&nbsp;  -> Email : auto_jSUcsxYCkkcvgPXbeFlT@mailinator.com</br><br/>
</br>&nbsp;&nbsp;&nbsp;&nbsp;  -> Mobile Number : +61444444444</br><br/>
<br><strong>Step 7 Choose any random WAFR Attachments.</strong></br><br/>
</br>&nbsp;&nbsp;&nbsp;&nbsp;  -> 4 Attachments going to be select.</br><br/>
</br>&nbsp;&nbsp;&nbsp;&nbsp;  -> Transfer of Land</br><br/>
</br>&nbsp;&nbsp;&nbsp;&nbsp;  -> Certificate of Insurance 1</br><br/>
</br>&nbsp;&nbsp;&nbsp;&nbsp;  -> Certificate of Insurance 3</br><br/>
</br>&nbsp;&nbsp;&nbsp;&nbsp;  -> DCC</br><br/>
<br><strong>Step 8 Enter 'Guarantor 1:' details to create package.</strong></br><br/>
</br>&nbsp;&nbsp;&nbsp;&nbsp;  -> Select Gurantor 1 Check box to enter details.</br><br/>
</br>&nbsp;&nbsp;&nbsp;&nbsp;  -> Guarantor First Name: autoGFnameJOqYYGmMDq</br><br/>
</br>&nbsp;&nbsp;&nbsp;&nbsp;  -> Guarantor Last Name: autoGLnameWOUKqftRSq</br><br/>
</br>&nbsp;&nbsp;&nbsp;&nbsp;  -> Guarantor Email : auto_G_MSbtRyaoDCZdoTztzDeP@mailinator.com</br><br/>
</br>&nbsp;&nbsp;&nbsp;&nbsp;  -> Guarantor Mobile Number : +61444444444</br><br/>
<br><strong>Step 9 Enter 'Relationship Manager:' details to create package.</strong></br><br/>
</br>&nbsp;&nbsp;&nbsp;&nbsp;  -> Select Relationship Manager Check box to enter details.</br><br/>
</br>&nbsp;&nbsp;&nbsp;&nbsp;  -> Relationship Manager First Name: autoRFnameRRjrJXIolH</br><br/>
</br>&nbsp;&nbsp;&nbsp;&nbsp;  -> Relationship Manager Last Name: autoRLnameujDjnmcOWg</br><br/>
</br>&nbsp;&nbsp;&nbsp;&nbsp;  -> Relationship Manager Email : auto_R_XwNzqKmEhdkqweOryrPD@mailinator.com</br><br/>
</br>&nbsp;&nbsp;&nbsp;&nbsp;  -> Relationship Manager Mobile Number : +61444444444</br><br/>
<br><strong>Step 10 Choose any random WAFR Attachments for Relationship Manager.</strong></br><br/>
</br>&nbsp;&nbsp;&nbsp;&nbsp;  -> Selected WAFR Attachment: DCC</br><br/>
<br><strong>Step 11 Click on Create Button to Create Package.</strong></br><br/>
<br><strong>Step 12 Choose 'Cloude Services Agreement' checkbox to upload contract document.</strong></br><br/>
<br><strong>Step 13 Upload any agreenment file template</strong></br><br/>
<br><strong>Step 14 Click on 'Send Package' button.</strong></br><br/>
<h3><b style='color:#1466B8'>&nbsp;&nbsp;&nbsp;Verify that package has successfully created and found in package table.</h3></b><br/>
</br>&nbsp;&nbsp;&nbsp;&nbsp;Reference_Zyqqq</br><br/>
</br>&nbsp;&nbsp;&nbsp;&nbsp;Reference_Zyqqq</br><br/>
<strong> <h3 style="color:DarkGreen">  &#10004; <i>  SUCCESSFUL </i></h3> </strong> <br/>
<h3><b style='color:#1466B8'>&nbsp;&nbsp;&nbsp;Verify that package has successfully created and found in package table with SENT Status.</h3></b><br/>
<strong> <h3 style="color:DarkGreen">  &#10004; <i>  SUCCESSFUL </i></h3> </strong> <br/>
<br><strong>Step 15 Click on Reference name to select package.</strong></br><br/>
</br>&nbsp;&nbsp;&nbsp;&nbsp;Reference_Zyqqq</br><br/>
<br><strong>Step 16 Click on 'BY-PASS' button.</strong></br><br/>
<h3><b style='color:#1466B8'>&nbsp;&nbsp;&nbsp;Verify that package is BY-PASS successfully and found in package table with BY-PASS Status.</h3></b><br/>
</br>&nbsp;&nbsp;&nbsp;&nbsp;Reference_Zyqqq</br><br/>
</br>&nbsp;&nbsp;&nbsp;&nbsp;Reference_Zyqqq</br><br/>
<strong> <h3 style="color:DarkGreen">  &#10004; <i>  SUCCESSFUL </i></h3> </strong> <br/>
<br><strong>Step 17 Click on 'BY-PASS' Icon.</strong></br><br/>
</br>&nbsp;&nbsp;&nbsp;&nbsp;Reference_Zyqqq</br><br/>
</br>&nbsp;&nbsp;&nbsp;&nbsp;Reference_Zyqqq</br><br/>
<br><strong>Step 18 Click on 'Set To Draft' Icon.</strong></br><br/>
<br> <b>Please look to the screenshot - </b><br/>
</br>&nbsp;&nbsp;&nbsp;&nbsp;Failed to capture screenshot: Destination 'D:\Project\eSign\Screenshot\screenshots' directory cannot be created</br><br/>
</br>&nbsp;&nbsp;&nbsp;&nbsp;<br><Strong><font color=#FF0000>--Failed</font></strong></br><br/>
</br>&nbsp;&nbsp;&nbsp;&nbsp;<a href='screenshots/0911143124468TC_DB_31.png' target='_new'>0911143124468TC_DB_31.png</a></br><br/>
<br></br><h3>Failure Reason:</h3><br/>
<br></br>org.openqa.selenium.WebDriverException: unknown error: cannot focus element<br/>
</br>&nbsp;&nbsp;&nbsp;&nbsp;<hr size='15px' noshade color='red'></br><br/>
</div>
</td>
<td><div><pre>org.openqa.selenium.WebDriverException: unknown error: cannot focus element
  (Session info: chrome=68.0.3440.106)
  (Driver info: chromedriver=2.41.578737 (49da6702b16031c40d63e5618de03a32ff6c197e),platform=Windows NT 10.0.10586 x86_64) (WARNING: The server did not provide any stacktrace information)
Command duration or timeout: 0 milliseconds
Build info: version: &apos;3.13.0&apos;, revision: &apos;2f0d292&apos;, time: &apos;2018-06-25T15:24:21.231Z&apos;
System info: host: &apos;DESKTOP-F17C8H7&apos;, ip: &apos;192.168.1.165&apos;, os.name: &apos;Windows 8.1&apos;, os.arch: &apos;amd64&apos;, os.version: &apos;6.3&apos;, java.version: &apos;1.8.0-ea&apos;
Driver info: org.openqa.selenium.chrome.ChromeDriver
Capabilities {acceptInsecureCerts: false, acceptSslCerts: false, applicationCacheEnabled: false, browserConnectionEnabled: false, browserName: chrome, chrome: {chromedriverVersion: 2.41.578737 (49da6702b16031..., userDataDir: C:\Users\admin\AppData\Loca...}, cssSelectorsEnabled: true, databaseEnabled: false, goog:chromeOptions: {debuggerAddress: localhost:49502}, handlesAlerts: true, hasTouchScreen: false, javascriptEnabled: true, locationContextEnabled: true, mobileEmulationEnabled: false, nativeEvents: true, networkConnectionEnabled: false, pageLoadStrategy: normal, platform: XP, platformName: XP, rotatable: false, setWindowRect: true, takesHeapSnapshot: true, takesScreenshot: true, unexpectedAlertBehaviour: , unhandledPromptBehavior: , version: 68.0.3440.106, webStorageEnabled: true}
Session ID: 03366f2432c4fe34e135ddf2942f454b
	at sun.reflect.NativeConstructorAccessorImpl.newInstance0(Native Method)
	at sun.reflect.NativeConstructorAccessorImpl.newInstance(NativeConstructorAccessorImpl.java:57)
	at sun.reflect.DelegatingConstructorAccessorImpl.newInstance(DelegatingConstructorAccessorImpl.java:45)
	at java.lang.reflect.Constructor.newInstance(Constructor.java:406)
	at org.openqa.selenium.remote.ErrorHandler.createThrowable(ErrorHandler.java:214)
	at org.openqa.selenium.remote.ErrorHandler.throwIfResponseFailed(ErrorHandler.java:166)
	at org.openqa.selenium.remote.http.JsonHttpResponseCodec.reconstructValue(JsonHttpResponseCodec.java:40)
	at org.openqa.selenium.remote.http.AbstractHttpResponseCodec.decode(AbstractHttpResponseCodec.java:80)
	at org.openqa.selenium.remote.http.AbstractHttpResponseCodec.decode(AbstractHttpResponseCodec.java:44)
	at org.openqa.selenium.remote.HttpCommandExecutor.execute(HttpCommandExecutor.java:158)
	at org.openqa.selenium.remote.service.DriverCommandExecutor.execute(DriverCommandExecutor.java:83)
	at org.openqa.selenium.remote.RemoteWebDriver.execute(RemoteWebDriver.java:548)
	at org.openqa.selenium.remote.RemoteWebElement.execute(RemoteWebElement.java:276)
	at org.openqa.selenium.remote.RemoteWebElement.sendKeys(RemoteWebElement.java:100)
	at com.automation.indexpage.PackageIndexpage.clickSetToDrraft2(PackageIndexpage.java:1014)
	at com.automation.index.PackageIndex.TC_DB_31(PackageIndex.java:4508)
	at sun.reflect.NativeMethodAccessorImpl.invoke0(Native Method)
	at sun.reflect.NativeMethodAccessorImpl.invoke(NativeMethodAccessorImpl.java:57)
	at sun.reflect.DelegatingMethodAccessorImpl.invoke(DelegatingMethodAccessorImpl.java:43)
	at java.lang.reflect.Method.invoke(Method.java:483)
	at org.testng.internal.MethodInvocationHelper.invokeMethod(MethodInvocationHelper.java:124)
	at org.testng.internal.Invoker.invokeMethod(Invoker.java:580)
	at org.testng.internal.Invoker.invokeTestMethod(Invoker.java:716)
	at org.testng.internal.Invoker.invokeTestMethods(Invoker.java:988)
	at org.testng.internal.TestMethodWorker.invokeTestMethods(TestMethodWorker.java:125)
	at org.testng.internal.TestMethodWorker.run(TestMethodWorker.java:109)
	at org.testng.TestRunner.privateRun(TestRunner.java:648)
	at org.testng.TestRunner.run(TestRunner.java:505)
	at org.testng.SuiteRunner.runTest(SuiteRunner.java:455)
	at org.testng.SuiteRunner.access$000(SuiteRunner.java:40)
	at org.testng.SuiteRunner$SuiteWorker.run(SuiteRunner.java:489)
	at org.testng.internal.thread.ThreadUtil$1.call(ThreadUtil.java:52)
	at java.util.concurrent.FutureTask.run(FutureTask.java:266)
	at java.util.concurrent.ThreadPoolExecutor.runWorker(ThreadPoolExecutor.java:1142)
	at java.util.concurrent.ThreadPoolExecutor$Worker.run(ThreadPoolExecutor.java:617)
	at java.lang.Thread.run(Thread.java:744)
</pre></div><a href='#' onClick='toggleBox("stack-trace1259770663", this, "Click to show all stack frames", "Click to hide stack frames")'>Click to show all stack frames</a>
<div class='stack-trace' id='stack-trace1259770663'><pre>org.openqa.selenium.WebDriverException: unknown error: cannot focus element
  (Session info: chrome=68.0.3440.106)
  (Driver info: chromedriver=2.41.578737 (49da6702b16031c40d63e5618de03a32ff6c197e),platform=Windows NT 10.0.10586 x86_64) (WARNING: The server did not provide any stacktrace information)
Command duration or timeout: 0 milliseconds
Build info: version: &apos;3.13.0&apos;, revision: &apos;2f0d292&apos;, time: &apos;2018-06-25T15:24:21.231Z&apos;
System info: host: &apos;DESKTOP-F17C8H7&apos;, ip: &apos;192.168.1.165&apos;, os.name: &apos;Windows 8.1&apos;, os.arch: &apos;amd64&apos;, os.version: &apos;6.3&apos;, java.version: &apos;1.8.0-ea&apos;
Driver info: org.openqa.selenium.chrome.ChromeDriver
Capabilities {acceptInsecureCerts: false, acceptSslCerts: false, applicationCacheEnabled: false, browserConnectionEnabled: false, browserName: chrome, chrome: {chromedriverVersion: 2.41.578737 (49da6702b16031..., userDataDir: C:\Users\admin\AppData\Loca...}, cssSelectorsEnabled: true, databaseEnabled: false, goog:chromeOptions: {debuggerAddress: localhost:49502}, handlesAlerts: true, hasTouchScreen: false, javascriptEnabled: true, locationContextEnabled: true, mobileEmulationEnabled: false, nativeEvents: true, networkConnectionEnabled: false, pageLoadStrategy: normal, platform: XP, platformName: XP, rotatable: false, setWindowRect: true, takesHeapSnapshot: true, takesScreenshot: true, unexpectedAlertBehaviour: , unhandledPromptBehavior: , version: 68.0.3440.106, webStorageEnabled: true}
Session ID: 03366f2432c4fe34e135ddf2942f454b
	at sun.reflect.NativeConstructorAccessorImpl.newInstance0(Native Method)
	at sun.reflect.NativeConstructorAccessorImpl.newInstance(NativeConstructorAccessorImpl.java:57)
	at sun.reflect.DelegatingConstructorAccessorImpl.newInstance(DelegatingConstructorAccessorImpl.java:45)
	at java.lang.reflect.Constructor.newInstance(Constructor.java:406)
	at org.openqa.selenium.remote.ErrorHandler.createThrowable(ErrorHandler.java:214)
	at org.openqa.selenium.remote.ErrorHandler.throwIfResponseFailed(ErrorHandler.java:166)
	at org.openqa.selenium.remote.http.JsonHttpResponseCodec.reconstructValue(JsonHttpResponseCodec.java:40)
	at org.openqa.selenium.remote.http.AbstractHttpResponseCodec.decode(AbstractHttpResponseCodec.java:80)
	at org.openqa.selenium.remote.http.AbstractHttpResponseCodec.decode(AbstractHttpResponseCodec.java:44)
	at org.openqa.selenium.remote.HttpCommandExecutor.execute(HttpCommandExecutor.java:158)
	at org.openqa.selenium.remote.service.DriverCommandExecutor.execute(DriverCommandExecutor.java:83)
	at org.openqa.selenium.remote.RemoteWebDriver.execute(RemoteWebDriver.java:548)
	at org.openqa.selenium.remote.RemoteWebElement.execute(RemoteWebElement.java:276)
	at org.openqa.selenium.remote.RemoteWebElement.sendKeys(RemoteWebElement.java:100)
	at com.automation.indexpage.PackageIndexpage.clickSetToDrraft2(PackageIndexpage.java:1014)
	at com.automation.index.PackageIndex.TC_DB_31(PackageIndex.java:4508)
	at sun.reflect.NativeMethodAccessorImpl.invoke0(Native Method)
	at sun.reflect.NativeMethodAccessorImpl.invoke(NativeMethodAccessorImpl.java:57)
	at sun.reflect.DelegatingMethodAccessorImpl.invoke(DelegatingMethodAccessorImpl.java:43)
	at java.lang.reflect.Method.invoke(Method.java:483)
	at org.testng.internal.MethodInvocationHelper.invokeMethod(MethodInvocationHelper.java:124)
	at org.testng.internal.Invoker.invokeMethod(Invoker.java:580)
	at org.testng.internal.Invoker.invokeTestMethod(Invoker.java:716)
	at org.testng.internal.Invoker.invokeTestMethods(Invoker.java:988)
	at org.testng.internal.TestMethodWorker.invokeTestMethods(TestMethodWorker.java:125)
	at org.testng.internal.TestMethodWorker.run(TestMethodWorker.java:109)
	at org.testng.TestRunner.privateRun(TestRunner.java:648)
	at org.testng.TestRunner.run(TestRunner.java:505)
	at org.testng.SuiteRunner.runTest(SuiteRunner.java:455)
	at org.testng.SuiteRunner.access$000(SuiteRunner.java:40)
	at org.testng.SuiteRunner$SuiteWorker.run(SuiteRunner.java:489)
	at org.testng.internal.thread.ThreadUtil$1.call(ThreadUtil.java:52)
	at java.util.concurrent.FutureTask.run(FutureTask.java:266)
	at java.util.concurrent.ThreadPoolExecutor.runWorker(ThreadPoolExecutor.java:1142)
	at java.util.concurrent.ThreadPoolExecutor$Worker.run(ThreadPoolExecutor.java:617)
	at java.lang.Thread.run(Thread.java:744)
</pre></div></td>
<td>213</td>
<td>com.automation.index.PackageIndex@1176dcec</td></tr>
</table><p>
</body>
</html>