<html>
<head>
<title>TestNG:   TC_DB_18: Verify user can review package details for  DECLINED status </title>
<link href="../testng.css" rel="stylesheet" type="text/css" />
<link href="../my-testng.css" rel="stylesheet" type="text/css" />

<style type="text/css">
.log { display: none;} 
.stack-trace { display: none;} 
</style>
<script type="text/javascript">
<!--
function flip(e) {
  current = e.style.display;
  if (current == 'block') {
    e.style.display = 'none';
    return 0;
  }
  else {
    e.style.display = 'block';
    return 1;
  }
}

function toggleBox(szDivId, elem, msg1, msg2)
{
  var res = -1;  if (document.getElementById) {
    res = flip(document.getElementById(szDivId));
  }
  else if (document.all) {
    // this is the way old msie versions work
    res = flip(document.all[szDivId]);
  }
  if(elem) {
    if(res == 0) elem.innerHTML = msg1; else elem.innerHTML = msg2;
  }

}

function toggleAllBoxes() {
  if (document.getElementsByTagName) {
    d = document.getElementsByTagName('div');
    for (i = 0; i < d.length; i++) {
      if (d[i].className == 'log') {
        flip(d[i]);
      }
    }
  }
}

// -->
</script>

</head>
<body>
<h2 align='center'> TC_DB_18: Verify user can review package details for  DECLINED status </h2><table border='1' align="center">
<tr>
<td>Tests passed/Failed/Skipped:</td><td>0/1/0</td>
</tr><tr>
<td>Started on:</td><td>Mon Sep 24 13:59:49 IST 2018</td>
</tr>
<tr><td>Total time:</td><td>454 seconds (454352 ms)</td>
</tr><tr>
<td>Included groups:</td><td></td>
</tr><tr>
<td>Excluded groups:</td><td></td>
</tr>
</table><p/>
<small><i>(Hover the method name to see the test class name)</i></small><p/>
<table width='100%' border='1' class='invocation-failed'>
<tr><td colspan='4' align='center'><b>FAILED TESTS</b></td></tr>
<tr><td><b>Test method</b></td>
<td width="30%"><b>Exception</b></td>
<td width="10%"><b>Time (seconds)</b></td>
<td><b>Instance</b></td>
</tr>
<tr>
<td title='com.automation.index.PackageIndex.TC_DB_18()'><b>TC_DB_18</b><br>Test class: com.automation.index.PackageIndex<br/>
<a href="#Output-1009223610" onClick='toggleBox("Output-1009223610", this, "Show output", "Hide output");'>Show output</a>

<a href="#Output-1009223610" onClick="toggleAllBoxes();">Show all outputs</a>
<div class='log' id="Output-1009223610">
<strong> <h3 style="color:DarkViolet"> TC_DB_18 : Verify user can review package details for  DECLINED status </h3> </strong><br/>
<br><strong>Step 1 Enter Username.</strong></br><br/>
</br>&nbsp;&nbsp;&nbsp;&nbsp;  -> Username entered: sy1-dev09-owner@e-signsolutions.com</br><br/>
<br><strong>Step 2 Enter Password.</strong></br><br/>
</br>&nbsp;&nbsp;&nbsp;&nbsp;  -> Password entered: N#abe7dd95b55c1d635349395d8d9244</br><br/>
<br><strong>Step 3 Click on Login button.</strong></br><br/>
<h3><b style='color:#1466B8'>&nbsp;&nbsp;&nbsp;Verify user has logged in successfuly.</h3></b><br/>
</br>&nbsp;&nbsp;&nbsp;&nbsp;Welcome DEV09 Account</br><br/>
<strong> <h3 style="color:DarkGreen">  &#10004; <i>  SUCCESSFUL </i></h3> </strong> <br/>
<br><strong>Step 4 Select workflow from dropdown.</strong></br><br/>
<br><strong>Step 5 Click on 'Create' Button.</strong></br><br/>
<br><strong>Step 6 Enter Borrower details to create package.</strong></br><br/>
</br>&nbsp;&nbsp;&nbsp;&nbsp;  -> Internl Reference: Reference_OIbFw</br><br/>
</br>&nbsp;&nbsp;&nbsp;&nbsp;  -> First Name: autoFnamehKQIrXbHnU</br><br/>
</br>&nbsp;&nbsp;&nbsp;&nbsp;  -> Last Name: autoLnameAFBzXqxFDI</br><br/>
</br>&nbsp;&nbsp;&nbsp;&nbsp;  -> Email : auto_fEwYNtIBlZfTuuzNEiMi@mailinator.com</br><br/>
</br>&nbsp;&nbsp;&nbsp;&nbsp;  -> Mobile Number : +61444444444</br><br/>
<br><strong>Step 7 Choose any random WAFR Attachments.</strong></br><br/>
</br>&nbsp;&nbsp;&nbsp;&nbsp;  -> 3 Attachments going to be select.</br><br/>
</br>&nbsp;&nbsp;&nbsp;&nbsp;  -> Transfer of Land</br><br/>
</br>&nbsp;&nbsp;&nbsp;&nbsp;  -> Certificate of Insurance 1</br><br/>
</br>&nbsp;&nbsp;&nbsp;&nbsp;  -> Certificate of Insurance 3</br><br/>
<br><strong>Step 8 Click on Create Button to Create Package.</strong></br><br/>
<br><strong>Step 9 Choose 'Cloude Services Agreement' checkbox to upload contract document.</strong></br><br/>
<br><strong>Step 10 Upload any agreenment file template</strong></br><br/>
<br><strong>Step 11 Click on 'Send Package' button.</strong></br><br/>
<h3><b style='color:#1466B8'>&nbsp;&nbsp;&nbsp;Verify that package has successfully created and found in package table.</h3></b><br/>
</br>&nbsp;&nbsp;&nbsp;&nbsp;Reference_OIbFw</br><br/>
</br>&nbsp;&nbsp;&nbsp;&nbsp;Reference_OIbFw</br><br/>
<strong> <h3 style="color:DarkGreen">  &#10004; <i>  SUCCESSFUL </i></h3> </strong> <br/>
<br><strong>Step 12 Open Mailinator to check if user has received package created notification.</strong></br><br/>
<br><strong>Step 13 Enter test email address.</strong></br><br/>
<br><strong>Step 14 Click on email notiction received from 'ACME Business Banking'.</strong></br><br/>
<br><strong>Step 15 Click on 'Go to My documents' button to navigate Dashboard.</strong></br><br/>
<br><strong>Step 16 Navigate to other tab and accept Consent.</strong></br><br/>
<br><strong>Step 17 Click on 'Request SMS Authentication Code' button.</strong></br><br/>
<br><strong>Step 18 Enter SMS Code.</strong></br><br/>
<br><strong>Step 19 Click on Authenticate button to verify SMS Code.</strong></br><br/>
<h3><b style='color:#1466B8'>&nbsp;&nbsp;&nbsp;Verify that user navigates to 'Documents Portal'.</h3></b><br/>
</br>&nbsp;&nbsp;&nbsp;&nbsp;  ->Verify Borrower is navigated to portal.</br><br/>
<strong> <h3 style="color:DarkGreen">  &#10004; <i>  SUCCESSFUL </i></h3> </strong> <br/>
<br><strong>Step 20 Click on 'View Document' of 'Product Disclosure Statement'.</strong></br><br/>
<br><strong>Step 21 Click on 'Back to loan documents portal' button of 'Product Disclosure Statement'.</strong></br><br/>
<h3><b style='color:#1466B8'>&nbsp;&nbsp;&nbsp;Verify that 'Not Viewed' state has been changed to 'Viewed'.</h3></b><br/>
<strong> <h3 style="color:DarkGreen">  &#10004; <i>  SUCCESSFUL </i></h3> </strong> <br/>
<br><strong>Step 22 Click on 'Sign Online' button.</strong></br><br/>
<br><strong>Step 23 Click on 'Decline' button</strong></br><br/>
<br><strong>Step 24 Choose reason from Decline radio box</strong></br><br/>
<br><strong>Step 25Switchback to Dashboard</strong></br><br/>
<h3><b style='color:#1466B8'>&nbsp;&nbsp;&nbsp;Verify that package is Declined successfully and found in package table with DECLINED Status.</h3></b><br/>
</br>&nbsp;&nbsp;&nbsp;&nbsp;Reference_OIbFw</br><br/>
</br>&nbsp;&nbsp;&nbsp;&nbsp;Reference_OIbFw</br><br/>
<strong> <h3 style="color:DarkGreen">  &#10004; <i>  SUCCESSFUL </i></h3> </strong> <br/>
<br><strong>Step 26 Click on Reference name to select package.</strong></br><br/>
</br>&nbsp;&nbsp;&nbsp;&nbsp;Reference_OIbFw</br><br/>
<br><strong>Step 27 Click on 'Review' button.</strong></br><br/>
<h3><b style='color:#1466B8'>&nbsp;&nbsp;&nbsp; Verify the review package created.</h3></b><br/>
<br> <b>Please look to the screenshot - </b><br/>
</br>&nbsp;&nbsp;&nbsp;&nbsp;<br><Strong><font color=#FF0000>--Failed</font></strong></br><br/>
</br>&nbsp;&nbsp;&nbsp;&nbsp;<a href='screenshots/092414072373TC_DB_18.png' target='_new'>092414072373TC_DB_18.png</a></br><br/>
<br></br><h3>Failure Reason:</h3><br/>
<br></br>org.openqa.selenium.NoSuchElementException: Unable to locate element: //*[@id=&apos;package-properties&apos;]//h1[contains(text(),Reference_OIbFw)]<br/>
</br>&nbsp;&nbsp;&nbsp;&nbsp;<hr size='15px' noshade color='red'></br><br/>
</div>
</td>
<td><div><pre>org.openqa.selenium.NoSuchElementException: Unable to locate element: //*[@id=&apos;package-properties&apos;]//h1[contains(text(),Reference_OIbFw)]
For documentation on this error, please visit: http://seleniumhq.org/exceptions/no_such_element.html
Build info: version: &apos;3.13.0&apos;, revision: &apos;2f0d292&apos;, time: &apos;2018-06-25T15:24:21.231Z&apos;
System info: host: &apos;DESKTOP-F17C8H7&apos;, ip: &apos;192.168.1.165&apos;, os.name: &apos;Windows 8.1&apos;, os.arch: &apos;amd64&apos;, os.version: &apos;6.3&apos;, java.version: &apos;1.8.0-ea&apos;
Driver info: org.openqa.selenium.firefox.FirefoxDriver
Capabilities {acceptInsecureCerts: true, browserName: firefox, browserVersion: 56.0, javascriptEnabled: true, moz:accessibilityChecks: false, moz:headless: false, moz:processID: 788, moz:profile: C:\Users\admin\AppData\Loca..., pageLoadStrategy: normal, platform: XP, platformName: XP, platformVersion: 10.0, rotatable: false, specificationLevel: 0, timeouts: {implicit: 0, pageLoad: 300000, script: 30000}}
Session ID: 138c64df-a223-4578-b760-83562be2bd0a
*** Element info: {Using=xpath, value=//*[@id=&apos;package-properties&apos;]//h1[contains(text(),Reference_OIbFw)]}
	at sun.reflect.NativeConstructorAccessorImpl.newInstance0(Native Method)
	at sun.reflect.NativeConstructorAccessorImpl.newInstance(Unknown Source)
	at sun.reflect.DelegatingConstructorAccessorImpl.newInstance(Unknown Source)
	at java.lang.reflect.Constructor.newInstance(Unknown Source)
	at org.openqa.selenium.remote.http.W3CHttpResponseCodec.createException(W3CHttpResponseCodec.java:187)
	at org.openqa.selenium.remote.http.W3CHttpResponseCodec.decode(W3CHttpResponseCodec.java:122)
	at org.openqa.selenium.remote.http.W3CHttpResponseCodec.decode(W3CHttpResponseCodec.java:49)
	at org.openqa.selenium.remote.HttpCommandExecutor.execute(HttpCommandExecutor.java:158)
	at org.openqa.selenium.remote.service.DriverCommandExecutor.execute(DriverCommandExecutor.java:83)
	at org.openqa.selenium.remote.RemoteWebDriver.execute(RemoteWebDriver.java:548)
	at org.openqa.selenium.remote.RemoteWebDriver.findElement(RemoteWebDriver.java:322)
	at org.openqa.selenium.remote.RemoteWebDriver.findElementByXPath(RemoteWebDriver.java:424)
	at org.openqa.selenium.By$ByXPath.findElement(By.java:353)
	at org.openqa.selenium.remote.RemoteWebDriver.findElement(RemoteWebDriver.java:314)
	at com.automation.verification.PackageVerification.verifyreviewpackage(PackageVerification.java:402)
	at com.automation.index.PackageIndex.TC_DB_18(PackageIndex.java:5918)
	at sun.reflect.NativeMethodAccessorImpl.invoke0(Native Method)
	at sun.reflect.NativeMethodAccessorImpl.invoke(Unknown Source)
	at sun.reflect.DelegatingMethodAccessorImpl.invoke(Unknown Source)
	at java.lang.reflect.Method.invoke(Unknown Source)
	at org.testng.internal.MethodInvocationHelper.invokeMethod(MethodInvocationHelper.java:124)
	at org.testng.internal.Invoker.invokeMethod(Invoker.java:580)
	at org.testng.internal.Invoker.invokeTestMethod(Invoker.java:716)
	at org.testng.internal.Invoker.invokeTestMethods(Invoker.java:988)
	at org.testng.internal.TestMethodWorker.invokeTestMethods(TestMethodWorker.java:125)
	at org.testng.internal.TestMethodWorker.run(TestMethodWorker.java:109)
	at org.testng.TestRunner.privateRun(TestRunner.java:648)
	at org.testng.TestRunner.run(TestRunner.java:505)
	at org.testng.SuiteRunner.runTest(SuiteRunner.java:455)
	at org.testng.SuiteRunner.access$000(SuiteRunner.java:40)
	at org.testng.SuiteRunner$SuiteWorker.run(SuiteRunner.java:489)
	at org.testng.internal.thread.ThreadUtil$1.call(ThreadUtil.java:52)
	at java.util.concurrent.FutureTask.run(Unknown Source)
	at java.util.concurrent.ThreadPoolExecutor.runWorker(Unknown Source)
	at java.util.concurrent.ThreadPoolExecutor$Worker.run(Unknown Source)
	at java.lang.Thread.run(Unknown Source)
</pre></div><a href='#' onClick='toggleBox("stack-trace1009223610", this, "Click to show all stack frames", "Click to hide stack frames")'>Click to show all stack frames</a>
<div class='stack-trace' id='stack-trace1009223610'><pre>org.openqa.selenium.NoSuchElementException: Unable to locate element: //*[@id=&apos;package-properties&apos;]//h1[contains(text(),Reference_OIbFw)]
For documentation on this error, please visit: http://seleniumhq.org/exceptions/no_such_element.html
Build info: version: &apos;3.13.0&apos;, revision: &apos;2f0d292&apos;, time: &apos;2018-06-25T15:24:21.231Z&apos;
System info: host: &apos;DESKTOP-F17C8H7&apos;, ip: &apos;192.168.1.165&apos;, os.name: &apos;Windows 8.1&apos;, os.arch: &apos;amd64&apos;, os.version: &apos;6.3&apos;, java.version: &apos;1.8.0-ea&apos;
Driver info: org.openqa.selenium.firefox.FirefoxDriver
Capabilities {acceptInsecureCerts: true, browserName: firefox, browserVersion: 56.0, javascriptEnabled: true, moz:accessibilityChecks: false, moz:headless: false, moz:processID: 788, moz:profile: C:\Users\admin\AppData\Loca..., pageLoadStrategy: normal, platform: XP, platformName: XP, platformVersion: 10.0, rotatable: false, specificationLevel: 0, timeouts: {implicit: 0, pageLoad: 300000, script: 30000}}
Session ID: 138c64df-a223-4578-b760-83562be2bd0a
*** Element info: {Using=xpath, value=//*[@id=&apos;package-properties&apos;]//h1[contains(text(),Reference_OIbFw)]}
	at sun.reflect.NativeConstructorAccessorImpl.newInstance0(Native Method)
	at sun.reflect.NativeConstructorAccessorImpl.newInstance(Unknown Source)
	at sun.reflect.DelegatingConstructorAccessorImpl.newInstance(Unknown Source)
	at java.lang.reflect.Constructor.newInstance(Unknown Source)
	at org.openqa.selenium.remote.http.W3CHttpResponseCodec.createException(W3CHttpResponseCodec.java:187)
	at org.openqa.selenium.remote.http.W3CHttpResponseCodec.decode(W3CHttpResponseCodec.java:122)
	at org.openqa.selenium.remote.http.W3CHttpResponseCodec.decode(W3CHttpResponseCodec.java:49)
	at org.openqa.selenium.remote.HttpCommandExecutor.execute(HttpCommandExecutor.java:158)
	at org.openqa.selenium.remote.service.DriverCommandExecutor.execute(DriverCommandExecutor.java:83)
	at org.openqa.selenium.remote.RemoteWebDriver.execute(RemoteWebDriver.java:548)
	at org.openqa.selenium.remote.RemoteWebDriver.findElement(RemoteWebDriver.java:322)
	at org.openqa.selenium.remote.RemoteWebDriver.findElementByXPath(RemoteWebDriver.java:424)
	at org.openqa.selenium.By$ByXPath.findElement(By.java:353)
	at org.openqa.selenium.remote.RemoteWebDriver.findElement(RemoteWebDriver.java:314)
	at com.automation.verification.PackageVerification.verifyreviewpackage(PackageVerification.java:402)
	at com.automation.index.PackageIndex.TC_DB_18(PackageIndex.java:5918)
	at sun.reflect.NativeMethodAccessorImpl.invoke0(Native Method)
	at sun.reflect.NativeMethodAccessorImpl.invoke(Unknown Source)
	at sun.reflect.DelegatingMethodAccessorImpl.invoke(Unknown Source)
	at java.lang.reflect.Method.invoke(Unknown Source)
	at org.testng.internal.MethodInvocationHelper.invokeMethod(MethodInvocationHelper.java:124)
	at org.testng.internal.Invoker.invokeMethod(Invoker.java:580)
	at org.testng.internal.Invoker.invokeTestMethod(Invoker.java:716)
	at org.testng.internal.Invoker.invokeTestMethods(Invoker.java:988)
	at org.testng.internal.TestMethodWorker.invokeTestMethods(TestMethodWorker.java:125)
	at org.testng.internal.TestMethodWorker.run(TestMethodWorker.java:109)
	at org.testng.TestRunner.privateRun(TestRunner.java:648)
	at org.testng.TestRunner.run(TestRunner.java:505)
	at org.testng.SuiteRunner.runTest(SuiteRunner.java:455)
	at org.testng.SuiteRunner.access$000(SuiteRunner.java:40)
	at org.testng.SuiteRunner$SuiteWorker.run(SuiteRunner.java:489)
	at org.testng.internal.thread.ThreadUtil$1.call(ThreadUtil.java:52)
	at java.util.concurrent.FutureTask.run(Unknown Source)
	at java.util.concurrent.ThreadPoolExecutor.runWorker(Unknown Source)
	at java.util.concurrent.ThreadPoolExecutor$Worker.run(Unknown Source)
	at java.lang.Thread.run(Unknown Source)
</pre></div></td>
<td>419</td>
<td>com.automation.index.PackageIndex@a74868d</td></tr>
</table><p>
</body>
</html>